<?xml version="1.0" encoding="UTF-8"?>
<testsuite xmlns:xsi="http://www.w3.org/2001/XMLSchema-instance" xsi:noNamespaceSchemaLocation="https://maven.apache.org/surefire/maven-surefire-plugin/xsd/surefire-test-report-3.0.xsd" version="3.0" name="com.example.todo.AppTest" time="0.013" tests="1" errors="0" skipped="0" failures="0">
  <properties>
    <property name="java.specification.version" value="21"/>
    <property name="sun.jnu.encoding" value="UTF-8"/>
    <property name="java.class.path" value="/Users/utkarshsinha/Desktop/Aryan/todo-tracker/target/test-classes:/Users/utkarshsinha/Desktop/Aryan/todo-tracker/target/classes:/Users/utkarshsinha/.m2/repository/io/dropwizard/dropwizard-migrations/2.1.6/dropwizard-migrations-2.1.6.jar:/Users/utkarshsinha/.m2/repository/io/dropwizard/dropwizard-db/2.1.6/dropwizard-db-2.1.6.jar:/Users/utkarshsinha/.m2/repository/io/dropwizard/metrics/metrics-core/4.2.18/metrics-core-4.2.18.jar:/Users/utkarshsinha/.m2/repository/com/google/code/findbugs/jsr305/3.0.2/jsr305-3.0.2.jar:/Users/utkarshsinha/.m2/repository/org/liquibase/liquibase-core/4.19.0/liquibase-core-4.19.0.jar:/Users/utkarshsinha/.m2/repository/org/yaml/snakeyaml/1.33/snakeyaml-1.33.jar:/Users/utkarshsinha/.m2/repository/com/opencsv/opencsv/5.7.1/opencsv-5.7.1.jar:/Users/utkarshsinha/.m2/repository/org/apache/commons/commons-lang3/3.12.0/commons-lang3-3.12.0.jar:/Users/utkarshsinha/.m2/repository/org/apache/commons/commons-collections4/4.4/commons-collections4-4.4.jar:/Users/utkarshsinha/.m2/repository/com/mattbertolini/liquibase-slf4j/5.0.0/liquibase-slf4j-5.0.0.jar:/Users/utkarshsinha/.m2/repository/net/sourceforge/argparse4j/argparse4j/0.9.0/argparse4j-0.9.0.jar:/Users/utkarshsinha/.m2/repository/org/slf4j/slf4j-api/1.7.36/slf4j-api-1.7.36.jar:/Users/utkarshsinha/.m2/repository/jakarta/xml/bind/jakarta.xml.bind-api/2.3.3/jakarta.xml.bind-api-2.3.3.jar:/Users/utkarshsinha/.m2/repository/io/dropwizard/dropwizard-core/2.1.6/dropwizard-core-2.1.6.jar:/Users/utkarshsinha/.m2/repository/io/dropwizard/dropwizard-util/2.1.6/dropwizard-util-2.1.6.jar:/Users/utkarshsinha/.m2/repository/com/google/guava/guava/31.1-jre/guava-31.1-jre.jar:/Users/utkarshsinha/.m2/repository/com/google/guava/failureaccess/1.0.1/failureaccess-1.0.1.jar:/Users/utkarshsinha/.m2/repository/com/google/guava/listenablefuture/9999.0-empty-to-avoid-conflict-with-guava/listenablefuture-9999.0-empty-to-avoid-conflict-with-guava.jar:/Users/utkarshsinha/.m2/repository/com/google/j2objc/j2objc-annotations/1.3/j2objc-annotations-1.3.jar:/Users/utkarshsinha/.m2/repository/io/dropwizard/dropwizard-jackson/2.1.6/dropwizard-jackson-2.1.6.jar:/Users/utkarshsinha/.m2/repository/com/fasterxml/jackson/datatype/jackson-datatype-guava/2.13.5/jackson-datatype-guava-2.13.5.jar:/Users/utkarshsinha/.m2/repository/com/fasterxml/jackson/datatype/jackson-datatype-jsr310/2.13.5/jackson-datatype-jsr310-2.13.5.jar:/Users/utkarshsinha/.m2/repository/com/fasterxml/jackson/datatype/jackson-datatype-jdk8/2.13.5/jackson-datatype-jdk8-2.13.5.jar:/Users/utkarshsinha/.m2/repository/com/fasterxml/jackson/module/jackson-module-parameter-names/2.13.5/jackson-module-parameter-names-2.13.5.jar:/Users/utkarshsinha/.m2/repository/com/fasterxml/jackson/module/jackson-module-blackbird/2.13.5/jackson-module-blackbird-2.13.5.jar:/Users/utkarshsinha/.m2/repository/com/fasterxml/jackson/datatype/jackson-datatype-joda/2.13.5/jackson-datatype-joda-2.13.5.jar:/Users/utkarshsinha/.m2/repository/io/dropwizard/dropwizard-validation/2.1.6/dropwizard-validation-2.1.6.jar:/Users/utkarshsinha/.m2/repository/org/glassfish/jakarta.el/3.0.4/jakarta.el-3.0.4.jar:/Users/utkarshsinha/.m2/repository/io/dropwizard/dropwizard-configuration/2.1.6/dropwizard-configuration-2.1.6.jar:/Users/utkarshsinha/.m2/repository/com/fasterxml/jackson/dataformat/jackson-dataformat-yaml/2.13.5/jackson-dataformat-yaml-2.13.5.jar:/Users/utkarshsinha/.m2/repository/org/apache/commons/commons-text/1.10.0/commons-text-1.10.0.jar:/Users/utkarshsinha/.m2/repository/io/dropwizard/dropwizard-logging/2.1.6/dropwizard-logging-2.1.6.jar:/Users/utkarshsinha/.m2/repository/io/dropwizard/metrics/metrics-logback/4.2.18/metrics-logback-4.2.18.jar:/Users/utkarshsinha/.m2/repository/org/slf4j/jul-to-slf4j/1.7.36/jul-to-slf4j-1.7.36.jar:/Users/utkarshsinha/.m2/repository/ch/qos/logback/logback-core/1.2.12/logback-core-1.2.12.jar:/Users/utkarshsinha/.m2/repository/io/dropwizard/logback/logback-throttling-appender/1.1.9/logback-throttling-appender-1.1.9.jar:/Users/utkarshsinha/.m2/repository/org/slf4j/log4j-over-slf4j/1.7.36/log4j-over-slf4j-1.7.36.jar:/Users/utkarshsinha/.m2/repository/org/slf4j/jcl-over-slf4j/1.7.36/jcl-over-slf4j-1.7.36.jar:/Users/utkarshsinha/.m2/repository/io/dropwizard/dropwizard-metrics/2.1.6/dropwizard-metrics-2.1.6.jar:/Users/utkarshsinha/.m2/repository/io/dropwizard/dropwizard-jersey/2.1.6/dropwizard-jersey-2.1.6.jar:/Users/utkarshsinha/.m2/repository/org/glassfish/jersey/ext/jersey-metainf-services/2.39.1/jersey-metainf-services-2.39.1.jar:/Users/utkarshsinha/.m2/repository/org/glassfish/jersey/inject/jersey-hk2/2.39.1/jersey-hk2-2.39.1.jar:/Users/utkarshsinha/.m2/repository/org/glassfish/hk2/hk2-locator/2.6.1/hk2-locator-2.6.1.jar:/Users/utkarshsinha/.m2/repository/io/dropwizard/metrics/metrics-jersey2/4.2.18/metrics-jersey2-4.2.18.jar:/Users/utkarshsinha/.m2/repository/com/fasterxml/jackson/jaxrs/jackson-jaxrs-json-provider/2.13.5/jackson-jaxrs-json-provider-2.13.5.jar:/Users/utkarshsinha/.m2/repository/com/fasterxml/jackson/jaxrs/jackson-jaxrs-base/2.13.5/jackson-jaxrs-base-2.13.5.jar:/Users/utkarshsinha/.m2/repository/com/fasterxml/jackson/module/jackson-module-jaxb-annotations/2.13.5/jackson-module-jaxb-annotations-2.13.5.jar:/Users/utkarshsinha/.m2/repository/jakarta/annotation/jakarta.annotation-api/1.3.5/jakarta.annotation-api-1.3.5.jar:/Users/utkarshsinha/.m2/repository/joda-time/joda-time/2.12.4/joda-time-2.12.4.jar:/Users/utkarshsinha/.m2/repository/org/glassfish/hk2/hk2-api/2.6.1/hk2-api-2.6.1.jar:/Users/utkarshsinha/.m2/repository/org/glassfish/hk2/hk2-utils/2.6.1/hk2-utils-2.6.1.jar:/Users/utkarshsinha/.m2/repository/org/glassfish/hk2/external/aopalliance-repackaged/2.6.1/aopalliance-repackaged-2.6.1.jar:/Users/utkarshsinha/.m2/repository/org/glassfish/jersey/containers/jersey-container-servlet/2.39.1/jersey-container-servlet-2.39.1.jar:/Users/utkarshsinha/.m2/repository/org/glassfish/jersey/containers/jersey-container-servlet-core/2.39.1/jersey-container-servlet-core-2.39.1.jar:/Users/utkarshsinha/.m2/repository/org/eclipse/jetty/jetty-io/9.4.51.v20230217/jetty-io-9.4.51.v20230217.jar:/Users/utkarshsinha/.m2/repository/io/dropwizard/dropwizard-servlets/2.1.6/dropwizard-servlets-2.1.6.jar:/Users/utkarshsinha/.m2/repository/io/dropwizard/dropwizard-jetty/2.1.6/dropwizard-jetty-2.1.6.jar:/Users/utkarshsinha/.m2/repository/org/eclipse/jetty/jetty-servlets/9.4.51.v20230217/jetty-servlets-9.4.51.v20230217.jar:/Users/utkarshsinha/.m2/repository/org/eclipse/jetty/jetty-continuation/9.4.51.v20230217/jetty-continuation-9.4.51.v20230217.jar:/Users/utkarshsinha/.m2/repository/org/eclipse/jetty/jetty-http/9.4.51.v20230217/jetty-http-9.4.51.v20230217.jar:/Users/utkarshsinha/.m2/repository/io/dropwizard/dropwizard-lifecycle/2.1.6/dropwizard-lifecycle-2.1.6.jar:/Users/utkarshsinha/.m2/repository/io/dropwizard/dropwizard-health/2.1.6/dropwizard-health-2.1.6.jar:/Users/utkarshsinha/.m2/repository/io/dropwizard/metrics/metrics-annotation/4.2.18/metrics-annotation-4.2.18.jar:/Users/utkarshsinha/.m2/repository/io/dropwizard/metrics/metrics-jetty9/4.2.18/metrics-jetty9-4.2.18.jar:/Users/utkarshsinha/.m2/repository/io/dropwizard/metrics/metrics-jvm/4.2.18/metrics-jvm-4.2.18.jar:/Users/utkarshsinha/.m2/repository/io/dropwizard/metrics/metrics-jmx/4.2.18/metrics-jmx-4.2.18.jar:/Users/utkarshsinha/.m2/repository/io/dropwizard/metrics/metrics-servlets/4.2.18/metrics-servlets-4.2.18.jar:/Users/utkarshsinha/.m2/repository/io/dropwizard/metrics/metrics-json/4.2.18/metrics-json-4.2.18.jar:/Users/utkarshsinha/.m2/repository/com/helger/profiler/1.1.1/profiler-1.1.1.jar:/Users/utkarshsinha/.m2/repository/io/dropwizard/metrics/metrics-healthchecks/4.2.18/metrics-healthchecks-4.2.18.jar:/Users/utkarshsinha/.m2/repository/io/dropwizard/dropwizard-request-logging/2.1.6/dropwizard-request-logging-2.1.6.jar:/Users/utkarshsinha/.m2/repository/ch/qos/logback/logback-access/1.2.12/logback-access-1.2.12.jar:/Users/utkarshsinha/.m2/repository/ch/qos/logback/logback-classic/1.2.12/logback-classic-1.2.12.jar:/Users/utkarshsinha/.m2/repository/com/fasterxml/jackson/core/jackson-annotations/2.13.5/jackson-annotations-2.13.5.jar:/Users/utkarshsinha/.m2/repository/jakarta/servlet/jakarta.servlet-api/4.0.4/jakarta.servlet-api-4.0.4.jar:/Users/utkarshsinha/.m2/repository/jakarta/validation/jakarta.validation-api/2.0.2/jakarta.validation-api-2.0.2.jar:/Users/utkarshsinha/.m2/repository/jakarta/ws/rs/jakarta.ws.rs-api/2.1.6/jakarta.ws.rs-api-2.1.6.jar:/Users/utkarshsinha/.m2/repository/org/eclipse/jetty/jetty-security/9.4.51.v20230217/jetty-security-9.4.51.v20230217.jar:/Users/utkarshsinha/.m2/repository/org/eclipse/jetty/jetty-server/9.4.51.v20230217/jetty-server-9.4.51.v20230217.jar:/Users/utkarshsinha/.m2/repository/org/eclipse/jetty/jetty-servlet/9.4.51.v20230217/jetty-servlet-9.4.51.v20230217.jar:/Users/utkarshsinha/.m2/repository/org/eclipse/jetty/jetty-util-ajax/9.4.51.v20230217/jetty-util-ajax-9.4.51.v20230217.jar:/Users/utkarshsinha/.m2/repository/org/eclipse/jetty/jetty-util/9.4.51.v20230217/jetty-util-9.4.51.v20230217.jar:/Users/utkarshsinha/.m2/repository/org/eclipse/jetty/toolchain/setuid/jetty-setuid-java/1.0.4/jetty-setuid-java-1.0.4.jar:/Users/utkarshsinha/.m2/repository/jakarta/inject/jakarta.inject-api/1.0.5/jakarta.inject-api-1.0.5.jar:/Users/utkarshsinha/.m2/repository/org/glassfish/jersey/core/jersey-common/2.39.1/jersey-common-2.39.1.jar:/Users/utkarshsinha/.m2/repository/org/glassfish/hk2/osgi-resource-locator/1.0.3/osgi-resource-locator-1.0.3.jar:/Users/utkarshsinha/.m2/repository/org/glassfish/jersey/ext/jersey-bean-validation/2.39.1/jersey-bean-validation-2.39.1.jar:/Users/utkarshsinha/.m2/repository/org/hibernate/validator/hibernate-validator/6.2.5.Final/hibernate-validator-6.2.5.Final.jar:/Users/utkarshsinha/.m2/repository/io/dropwizard/dropwizard-hibernate/2.1.6/dropwizard-hibernate-2.1.6.jar:/Users/utkarshsinha/.m2/repository/com/fasterxml/jackson/datatype/jackson-datatype-hibernate5/2.13.5/jackson-datatype-hibernate5-2.13.5.jar:/Users/utkarshsinha/.m2/repository/com/github/ben-manes/caffeine/caffeine/2.9.3/caffeine-2.9.3.jar:/Users/utkarshsinha/.m2/repository/com/google/errorprone/error_prone_annotations/2.10.0/error_prone_annotations-2.10.0.jar:/Users/utkarshsinha/.m2/repository/org/checkerframework/checker-qual/3.32.0/checker-qual-3.32.0.jar:/Users/utkarshsinha/.m2/repository/javax/persistence/javax.persistence-api/2.2/javax.persistence-api-2.2.jar:/Users/utkarshsinha/.m2/repository/org/apache/tomcat/tomcat-jdbc/9.0.73/tomcat-jdbc-9.0.73.jar:/Users/utkarshsinha/.m2/repository/org/apache/tomcat/tomcat-juli/9.0.73/tomcat-juli-9.0.73.jar:/Users/utkarshsinha/.m2/repository/org/glassfish/jersey/core/jersey-client/2.39.1/jersey-client-2.39.1.jar:/Users/utkarshsinha/.m2/repository/org/glassfish/jersey/core/jersey-server/2.39.1/jersey-server-2.39.1.jar:/Users/utkarshsinha/.m2/repository/net/bytebuddy/byte-buddy/1.14.3/byte-buddy-1.14.3.jar:/Users/utkarshsinha/.m2/repository/org/jadira/usertype/usertype.core/7.0.0.CR1/usertype.core-7.0.0.CR1.jar:/Users/utkarshsinha/.m2/repository/org/jadira/usertype/usertype.spi/7.0.0.CR1/usertype.spi-7.0.0.CR1.jar:/Users/utkarshsinha/.m2/repository/jakarta/activation/jakarta.activation-api/1.2.2/jakarta.activation-api-1.2.2.jar:/Users/utkarshsinha/.m2/repository/org/hibernate/hibernate-core/5.4.30.Final/hibernate-core-5.4.30.Final.jar:/Users/utkarshsinha/.m2/repository/org/jboss/logging/jboss-logging/3.4.1.Final/jboss-logging-3.4.1.Final.jar:/Users/utkarshsinha/.m2/repository/org/javassist/javassist/3.27.0-GA/javassist-3.27.0-GA.jar:/Users/utkarshsinha/.m2/repository/antlr/antlr/2.7.7/antlr-2.7.7.jar:/Users/utkarshsinha/.m2/repository/org/jboss/spec/javax/transaction/jboss-transaction-api_1.2_spec/1.1.1.Final/jboss-transaction-api_1.2_spec-1.1.1.Final.jar:/Users/utkarshsinha/.m2/repository/org/jboss/jandex/2.2.3.Final/jandex-2.2.3.Final.jar:/Users/utkarshsinha/.m2/repository/com/fasterxml/classmate/1.5.1/classmate-1.5.1.jar:/Users/utkarshsinha/.m2/repository/javax/activation/javax.activation-api/1.2.0/javax.activation-api-1.2.0.jar:/Users/utkarshsinha/.m2/repository/org/dom4j/dom4j/2.1.3/dom4j-2.1.3.jar:/Users/utkarshsinha/.m2/repository/org/hibernate/common/hibernate-commons-annotations/5.1.2.Final/hibernate-commons-annotations-5.1.2.Final.jar:/Users/utkarshsinha/.m2/repository/javax/xml/bind/jaxb-api/2.3.1/jaxb-api-2.3.1.jar:/Users/utkarshsinha/.m2/repository/org/glassfish/jaxb/jaxb-runtime/2.3.1/jaxb-runtime-2.3.1.jar:/Users/utkarshsinha/.m2/repository/org/glassfish/jaxb/txw2/2.3.1/txw2-2.3.1.jar:/Users/utkarshsinha/.m2/repository/com/sun/istack/istack-commons-runtime/3.0.7/istack-commons-runtime-3.0.7.jar:/Users/utkarshsinha/.m2/repository/org/jvnet/staxex/stax-ex/1.8/stax-ex-1.8.jar:/Users/utkarshsinha/.m2/repository/com/sun/xml/fastinfoset/FastInfoset/1.2.15/FastInfoset-1.2.15.jar:/Users/utkarshsinha/.m2/repository/mysql/mysql-connector-java/8.0.29/mysql-connector-java-8.0.29.jar:/Users/utkarshsinha/.m2/repository/com/google/protobuf/protobuf-java/3.19.4/protobuf-java-3.19.4.jar:/Users/utkarshsinha/.m2/repository/com/fasterxml/jackson/core/jackson-databind/2.13.4/jackson-databind-2.13.4.jar:/Users/utkarshsinha/.m2/repository/com/fasterxml/jackson/core/jackson-core/2.13.4/jackson-core-2.13.4.jar:/Users/utkarshsinha/.m2/repository/junit/junit/3.8.1/junit-3.8.1.jar:"/>
    <property name="java.vm.vendor" value="Oracle Corporation"/>
    <property name="sun.arch.data.model" value="64"/>
    <property name="java.vendor.url" value="https://java.oracle.com/"/>
    <property name="os.name" value="Mac OS X"/>
    <property name="java.vm.specification.version" value="21"/>
    <property name="sun.java.launcher" value="SUN_STANDARD"/>
    <property name="user.country" value="IN"/>
    <property name="sun.boot.library.path" value="/Library/Java/JavaVirtualMachines/jdk-21.jdk/Contents/Home/lib"/>
    <property name="sun.java.command" value="/Users/utkarshsinha/Desktop/Aryan/todo-tracker/target/surefire/surefirebooter-20250101135700668_3.jar /Users/utkarshsinha/Desktop/Aryan/todo-tracker/target/surefire 2025-01-01T13-57-00_633-jvmRun1 surefire-20250101135700668_1tmp surefire_0-20250101135700668_2tmp"/>
    <property name="http.nonProxyHosts" value="local|*.local|169.254/16|*.169.254/16"/>
    <property name="jdk.debug" value="release"/>
    <property name="surefire.test.class.path" value="/Users/utkarshsinha/Desktop/Aryan/todo-tracker/target/test-classes:/Users/utkarshsinha/Desktop/Aryan/todo-tracker/target/classes:/Users/utkarshsinha/.m2/repository/io/dropwizard/dropwizard-migrations/2.1.6/dropwizard-migrations-2.1.6.jar:/Users/utkarshsinha/.m2/repository/io/dropwizard/dropwizard-db/2.1.6/dropwizard-db-2.1.6.jar:/Users/utkarshsinha/.m2/repository/io/dropwizard/metrics/metrics-core/4.2.18/metrics-core-4.2.18.jar:/Users/utkarshsinha/.m2/repository/com/google/code/findbugs/jsr305/3.0.2/jsr305-3.0.2.jar:/Users/utkarshsinha/.m2/repository/org/liquibase/liquibase-core/4.19.0/liquibase-core-4.19.0.jar:/Users/utkarshsinha/.m2/repository/org/yaml/snakeyaml/1.33/snakeyaml-1.33.jar:/Users/utkarshsinha/.m2/repository/com/opencsv/opencsv/5.7.1/opencsv-5.7.1.jar:/Users/utkarshsinha/.m2/repository/org/apache/commons/commons-lang3/3.12.0/commons-lang3-3.12.0.jar:/Users/utkarshsinha/.m2/repository/org/apache/commons/commons-collections4/4.4/commons-collections4-4.4.jar:/Users/utkarshsinha/.m2/repository/com/mattbertolini/liquibase-slf4j/5.0.0/liquibase-slf4j-5.0.0.jar:/Users/utkarshsinha/.m2/repository/net/sourceforge/argparse4j/argparse4j/0.9.0/argparse4j-0.9.0.jar:/Users/utkarshsinha/.m2/repository/org/slf4j/slf4j-api/1.7.36/slf4j-api-1.7.36.jar:/Users/utkarshsinha/.m2/repository/jakarta/xml/bind/jakarta.xml.bind-api/2.3.3/jakarta.xml.bind-api-2.3.3.jar:/Users/utkarshsinha/.m2/repository/io/dropwizard/dropwizard-core/2.1.6/dropwizard-core-2.1.6.jar:/Users/utkarshsinha/.m2/repository/io/dropwizard/dropwizard-util/2.1.6/dropwizard-util-2.1.6.jar:/Users/utkarshsinha/.m2/repository/com/google/guava/guava/31.1-jre/guava-31.1-jre.jar:/Users/utkarshsinha/.m2/repository/com/google/guava/failureaccess/1.0.1/failureaccess-1.0.1.jar:/Users/utkarshsinha/.m2/repository/com/google/guava/listenablefuture/9999.0-empty-to-avoid-conflict-with-guava/listenablefuture-9999.0-empty-to-avoid-conflict-with-guava.jar:/Users/utkarshsinha/.m2/repository/com/google/j2objc/j2objc-annotations/1.3/j2objc-annotations-1.3.jar:/Users/utkarshsinha/.m2/repository/io/dropwizard/dropwizard-jackson/2.1.6/dropwizard-jackson-2.1.6.jar:/Users/utkarshsinha/.m2/repository/com/fasterxml/jackson/datatype/jackson-datatype-guava/2.13.5/jackson-datatype-guava-2.13.5.jar:/Users/utkarshsinha/.m2/repository/com/fasterxml/jackson/datatype/jackson-datatype-jsr310/2.13.5/jackson-datatype-jsr310-2.13.5.jar:/Users/utkarshsinha/.m2/repository/com/fasterxml/jackson/datatype/jackson-datatype-jdk8/2.13.5/jackson-datatype-jdk8-2.13.5.jar:/Users/utkarshsinha/.m2/repository/com/fasterxml/jackson/module/jackson-module-parameter-names/2.13.5/jackson-module-parameter-names-2.13.5.jar:/Users/utkarshsinha/.m2/repository/com/fasterxml/jackson/module/jackson-module-blackbird/2.13.5/jackson-module-blackbird-2.13.5.jar:/Users/utkarshsinha/.m2/repository/com/fasterxml/jackson/datatype/jackson-datatype-joda/2.13.5/jackson-datatype-joda-2.13.5.jar:/Users/utkarshsinha/.m2/repository/io/dropwizard/dropwizard-validation/2.1.6/dropwizard-validation-2.1.6.jar:/Users/utkarshsinha/.m2/repository/org/glassfish/jakarta.el/3.0.4/jakarta.el-3.0.4.jar:/Users/utkarshsinha/.m2/repository/io/dropwizard/dropwizard-configuration/2.1.6/dropwizard-configuration-2.1.6.jar:/Users/utkarshsinha/.m2/repository/com/fasterxml/jackson/dataformat/jackson-dataformat-yaml/2.13.5/jackson-dataformat-yaml-2.13.5.jar:/Users/utkarshsinha/.m2/repository/org/apache/commons/commons-text/1.10.0/commons-text-1.10.0.jar:/Users/utkarshsinha/.m2/repository/io/dropwizard/dropwizard-logging/2.1.6/dropwizard-logging-2.1.6.jar:/Users/utkarshsinha/.m2/repository/io/dropwizard/metrics/metrics-logback/4.2.18/metrics-logback-4.2.18.jar:/Users/utkarshsinha/.m2/repository/org/slf4j/jul-to-slf4j/1.7.36/jul-to-slf4j-1.7.36.jar:/Users/utkarshsinha/.m2/repository/ch/qos/logback/logback-core/1.2.12/logback-core-1.2.12.jar:/Users/utkarshsinha/.m2/repository/io/dropwizard/logback/logback-throttling-appender/1.1.9/logback-throttling-appender-1.1.9.jar:/Users/utkarshsinha/.m2/repository/org/slf4j/log4j-over-slf4j/1.7.36/log4j-over-slf4j-1.7.36.jar:/Users/utkarshsinha/.m2/repository/org/slf4j/jcl-over-slf4j/1.7.36/jcl-over-slf4j-1.7.36.jar:/Users/utkarshsinha/.m2/repository/io/dropwizard/dropwizard-metrics/2.1.6/dropwizard-metrics-2.1.6.jar:/Users/utkarshsinha/.m2/repository/io/dropwizard/dropwizard-jersey/2.1.6/dropwizard-jersey-2.1.6.jar:/Users/utkarshsinha/.m2/repository/org/glassfish/jersey/ext/jersey-metainf-services/2.39.1/jersey-metainf-services-2.39.1.jar:/Users/utkarshsinha/.m2/repository/org/glassfish/jersey/inject/jersey-hk2/2.39.1/jersey-hk2-2.39.1.jar:/Users/utkarshsinha/.m2/repository/org/glassfish/hk2/hk2-locator/2.6.1/hk2-locator-2.6.1.jar:/Users/utkarshsinha/.m2/repository/io/dropwizard/metrics/metrics-jersey2/4.2.18/metrics-jersey2-4.2.18.jar:/Users/utkarshsinha/.m2/repository/com/fasterxml/jackson/jaxrs/jackson-jaxrs-json-provider/2.13.5/jackson-jaxrs-json-provider-2.13.5.jar:/Users/utkarshsinha/.m2/repository/com/fasterxml/jackson/jaxrs/jackson-jaxrs-base/2.13.5/jackson-jaxrs-base-2.13.5.jar:/Users/utkarshsinha/.m2/repository/com/fasterxml/jackson/module/jackson-module-jaxb-annotations/2.13.5/jackson-module-jaxb-annotations-2.13.5.jar:/Users/utkarshsinha/.m2/repository/jakarta/annotation/jakarta.annotation-api/1.3.5/jakarta.annotation-api-1.3.5.jar:/Users/utkarshsinha/.m2/repository/joda-time/joda-time/2.12.4/joda-time-2.12.4.jar:/Users/utkarshsinha/.m2/repository/org/glassfish/hk2/hk2-api/2.6.1/hk2-api-2.6.1.jar:/Users/utkarshsinha/.m2/repository/org/glassfish/hk2/hk2-utils/2.6.1/hk2-utils-2.6.1.jar:/Users/utkarshsinha/.m2/repository/org/glassfish/hk2/external/aopalliance-repackaged/2.6.1/aopalliance-repackaged-2.6.1.jar:/Users/utkarshsinha/.m2/repository/org/glassfish/jersey/containers/jersey-container-servlet/2.39.1/jersey-container-servlet-2.39.1.jar:/Users/utkarshsinha/.m2/repository/org/glassfish/jersey/containers/jersey-container-servlet-core/2.39.1/jersey-container-servlet-core-2.39.1.jar:/Users/utkarshsinha/.m2/repository/org/eclipse/jetty/jetty-io/9.4.51.v20230217/jetty-io-9.4.51.v20230217.jar:/Users/utkarshsinha/.m2/repository/io/dropwizard/dropwizard-servlets/2.1.6/dropwizard-servlets-2.1.6.jar:/Users/utkarshsinha/.m2/repository/io/dropwizard/dropwizard-jetty/2.1.6/dropwizard-jetty-2.1.6.jar:/Users/utkarshsinha/.m2/repository/org/eclipse/jetty/jetty-servlets/9.4.51.v20230217/jetty-servlets-9.4.51.v20230217.jar:/Users/utkarshsinha/.m2/repository/org/eclipse/jetty/jetty-continuation/9.4.51.v20230217/jetty-continuation-9.4.51.v20230217.jar:/Users/utkarshsinha/.m2/repository/org/eclipse/jetty/jetty-http/9.4.51.v20230217/jetty-http-9.4.51.v20230217.jar:/Users/utkarshsinha/.m2/repository/io/dropwizard/dropwizard-lifecycle/2.1.6/dropwizard-lifecycle-2.1.6.jar:/Users/utkarshsinha/.m2/repository/io/dropwizard/dropwizard-health/2.1.6/dropwizard-health-2.1.6.jar:/Users/utkarshsinha/.m2/repository/io/dropwizard/metrics/metrics-annotation/4.2.18/metrics-annotation-4.2.18.jar:/Users/utkarshsinha/.m2/repository/io/dropwizard/metrics/metrics-jetty9/4.2.18/metrics-jetty9-4.2.18.jar:/Users/utkarshsinha/.m2/repository/io/dropwizard/metrics/metrics-jvm/4.2.18/metrics-jvm-4.2.18.jar:/Users/utkarshsinha/.m2/repository/io/dropwizard/metrics/metrics-jmx/4.2.18/metrics-jmx-4.2.18.jar:/Users/utkarshsinha/.m2/repository/io/dropwizard/metrics/metrics-servlets/4.2.18/metrics-servlets-4.2.18.jar:/Users/utkarshsinha/.m2/repository/io/dropwizard/metrics/metrics-json/4.2.18/metrics-json-4.2.18.jar:/Users/utkarshsinha/.m2/repository/com/helger/profiler/1.1.1/profiler-1.1.1.jar:/Users/utkarshsinha/.m2/repository/io/dropwizard/metrics/metrics-healthchecks/4.2.18/metrics-healthchecks-4.2.18.jar:/Users/utkarshsinha/.m2/repository/io/dropwizard/dropwizard-request-logging/2.1.6/dropwizard-request-logging-2.1.6.jar:/Users/utkarshsinha/.m2/repository/ch/qos/logback/logback-access/1.2.12/logback-access-1.2.12.jar:/Users/utkarshsinha/.m2/repository/ch/qos/logback/logback-classic/1.2.12/logback-classic-1.2.12.jar:/Users/utkarshsinha/.m2/repository/com/fasterxml/jackson/core/jackson-annotations/2.13.5/jackson-annotations-2.13.5.jar:/Users/utkarshsinha/.m2/repository/jakarta/servlet/jakarta.servlet-api/4.0.4/jakarta.servlet-api-4.0.4.jar:/Users/utkarshsinha/.m2/repository/jakarta/validation/jakarta.validation-api/2.0.2/jakarta.validation-api-2.0.2.jar:/Users/utkarshsinha/.m2/repository/jakarta/ws/rs/jakarta.ws.rs-api/2.1.6/jakarta.ws.rs-api-2.1.6.jar:/Users/utkarshsinha/.m2/repository/org/eclipse/jetty/jetty-security/9.4.51.v20230217/jetty-security-9.4.51.v20230217.jar:/Users/utkarshsinha/.m2/repository/org/eclipse/jetty/jetty-server/9.4.51.v20230217/jetty-server-9.4.51.v20230217.jar:/Users/utkarshsinha/.m2/repository/org/eclipse/jetty/jetty-servlet/9.4.51.v20230217/jetty-servlet-9.4.51.v20230217.jar:/Users/utkarshsinha/.m2/repository/org/eclipse/jetty/jetty-util-ajax/9.4.51.v20230217/jetty-util-ajax-9.4.51.v20230217.jar:/Users/utkarshsinha/.m2/repository/org/eclipse/jetty/jetty-util/9.4.51.v20230217/jetty-util-9.4.51.v20230217.jar:/Users/utkarshsinha/.m2/repository/org/eclipse/jetty/toolchain/setuid/jetty-setuid-java/1.0.4/jetty-setuid-java-1.0.4.jar:/Users/utkarshsinha/.m2/repository/jakarta/inject/jakarta.inject-api/1.0.5/jakarta.inject-api-1.0.5.jar:/Users/utkarshsinha/.m2/repository/org/glassfish/jersey/core/jersey-common/2.39.1/jersey-common-2.39.1.jar:/Users/utkarshsinha/.m2/repository/org/glassfish/hk2/osgi-resource-locator/1.0.3/osgi-resource-locator-1.0.3.jar:/Users/utkarshsinha/.m2/repository/org/glassfish/jersey/ext/jersey-bean-validation/2.39.1/jersey-bean-validation-2.39.1.jar:/Users/utkarshsinha/.m2/repository/org/hibernate/validator/hibernate-validator/6.2.5.Final/hibernate-validator-6.2.5.Final.jar:/Users/utkarshsinha/.m2/repository/io/dropwizard/dropwizard-hibernate/2.1.6/dropwizard-hibernate-2.1.6.jar:/Users/utkarshsinha/.m2/repository/com/fasterxml/jackson/datatype/jackson-datatype-hibernate5/2.13.5/jackson-datatype-hibernate5-2.13.5.jar:/Users/utkarshsinha/.m2/repository/com/github/ben-manes/caffeine/caffeine/2.9.3/caffeine-2.9.3.jar:/Users/utkarshsinha/.m2/repository/com/google/errorprone/error_prone_annotations/2.10.0/error_prone_annotations-2.10.0.jar:/Users/utkarshsinha/.m2/repository/org/checkerframework/checker-qual/3.32.0/checker-qual-3.32.0.jar:/Users/utkarshsinha/.m2/repository/javax/persistence/javax.persistence-api/2.2/javax.persistence-api-2.2.jar:/Users/utkarshsinha/.m2/repository/org/apache/tomcat/tomcat-jdbc/9.0.73/tomcat-jdbc-9.0.73.jar:/Users/utkarshsinha/.m2/repository/org/apache/tomcat/tomcat-juli/9.0.73/tomcat-juli-9.0.73.jar:/Users/utkarshsinha/.m2/repository/org/glassfish/jersey/core/jersey-client/2.39.1/jersey-client-2.39.1.jar:/Users/utkarshsinha/.m2/repository/org/glassfish/jersey/core/jersey-server/2.39.1/jersey-server-2.39.1.jar:/Users/utkarshsinha/.m2/repository/net/bytebuddy/byte-buddy/1.14.3/byte-buddy-1.14.3.jar:/Users/utkarshsinha/.m2/repository/org/jadira/usertype/usertype.core/7.0.0.CR1/usertype.core-7.0.0.CR1.jar:/Users/utkarshsinha/.m2/repository/org/jadira/usertype/usertype.spi/7.0.0.CR1/usertype.spi-7.0.0.CR1.jar:/Users/utkarshsinha/.m2/repository/jakarta/activation/jakarta.activation-api/1.2.2/jakarta.activation-api-1.2.2.jar:/Users/utkarshsinha/.m2/repository/org/hibernate/hibernate-core/5.4.30.Final/hibernate-core-5.4.30.Final.jar:/Users/utkarshsinha/.m2/repository/org/jboss/logging/jboss-logging/3.4.1.Final/jboss-logging-3.4.1.Final.jar:/Users/utkarshsinha/.m2/repository/org/javassist/javassist/3.27.0-GA/javassist-3.27.0-GA.jar:/Users/utkarshsinha/.m2/repository/antlr/antlr/2.7.7/antlr-2.7.7.jar:/Users/utkarshsinha/.m2/repository/org/jboss/spec/javax/transaction/jboss-transaction-api_1.2_spec/1.1.1.Final/jboss-transaction-api_1.2_spec-1.1.1.Final.jar:/Users/utkarshsinha/.m2/repository/org/jboss/jandex/2.2.3.Final/jandex-2.2.3.Final.jar:/Users/utkarshsinha/.m2/repository/com/fasterxml/classmate/1.5.1/classmate-1.5.1.jar:/Users/utkarshsinha/.m2/repository/javax/activation/javax.activation-api/1.2.0/javax.activation-api-1.2.0.jar:/Users/utkarshsinha/.m2/repository/org/dom4j/dom4j/2.1.3/dom4j-2.1.3.jar:/Users/utkarshsinha/.m2/repository/org/hibernate/common/hibernate-commons-annotations/5.1.2.Final/hibernate-commons-annotations-5.1.2.Final.jar:/Users/utkarshsinha/.m2/repository/javax/xml/bind/jaxb-api/2.3.1/jaxb-api-2.3.1.jar:/Users/utkarshsinha/.m2/repository/org/glassfish/jaxb/jaxb-runtime/2.3.1/jaxb-runtime-2.3.1.jar:/Users/utkarshsinha/.m2/repository/org/glassfish/jaxb/txw2/2.3.1/txw2-2.3.1.jar:/Users/utkarshsinha/.m2/repository/com/sun/istack/istack-commons-runtime/3.0.7/istack-commons-runtime-3.0.7.jar:/Users/utkarshsinha/.m2/repository/org/jvnet/staxex/stax-ex/1.8/stax-ex-1.8.jar:/Users/utkarshsinha/.m2/repository/com/sun/xml/fastinfoset/FastInfoset/1.2.15/FastInfoset-1.2.15.jar:/Users/utkarshsinha/.m2/repository/mysql/mysql-connector-java/8.0.29/mysql-connector-java-8.0.29.jar:/Users/utkarshsinha/.m2/repository/com/google/protobuf/protobuf-java/3.19.4/protobuf-java-3.19.4.jar:/Users/utkarshsinha/.m2/repository/com/fasterxml/jackson/core/jackson-databind/2.13.4/jackson-databind-2.13.4.jar:/Users/utkarshsinha/.m2/repository/com/fasterxml/jackson/core/jackson-core/2.13.4/jackson-core-2.13.4.jar:/Users/utkarshsinha/.m2/repository/junit/junit/3.8.1/junit-3.8.1.jar:"/>
    <property name="sun.cpu.endian" value="little"/>
    <property name="user.home" value="/Users/utkarshsinha"/>
    <property name="user.language" value="en"/>
    <property name="java.specification.vendor" value="Oracle Corporation"/>
    <property name="java.version.date" value="2024-10-15"/>
    <property name="java.home" value="/Library/Java/JavaVirtualMachines/jdk-21.jdk/Contents/Home"/>
    <property name="file.separator" value="/"/>
    <property name="basedir" value="/Users/utkarshsinha/Desktop/Aryan/todo-tracker"/>
    <property name="java.vm.compressedOopsMode" value="Zero based"/>
    <property name="line.separator" value="&#10;"/>
    <property name="java.vm.specification.vendor" value="Oracle Corporation"/>
    <property name="java.specification.name" value="Java Platform API Specification"/>
    <property name="apple.awt.application.name" value="ForkedBooter"/>
    <property name="surefire.real.class.path" value="/Users/utkarshsinha/Desktop/Aryan/todo-tracker/target/surefire/surefirebooter-20250101135700668_3.jar"/>
    <property name="sun.management.compiler" value="HotSpot 64-Bit Tiered Compilers"/>
    <property name="ftp.nonProxyHosts" value="local|*.local|169.254/16|*.169.254/16"/>
    <property name="java.runtime.version" value="21.0.5+9-LTS-239"/>
    <property name="user.name" value="utkarshsinha"/>
    <property name="stdout.encoding" value="UTF-8"/>
    <property name="path.separator" value=":"/>
    <property name="os.version" value="14.5"/>
    <property name="java.runtime.name" value="Java(TM) SE Runtime Environment"/>
    <property name="file.encoding" value="UTF-8"/>
    <property name="java.vm.name" value="Java HotSpot(TM) 64-Bit Server VM"/>
    <property name="localRepository" value="/Users/utkarshsinha/.m2/repository"/>
    <property name="java.vendor.url.bug" value="https://bugreport.java.com/bugreport/"/>
    <property name="java.io.tmpdir" value="/var/folders/xm/qvd51bhd3zs1tq_psgyp2k080000gn/T/"/>
    <property name="java.version" value="21.0.5"/>
    <property name="user.dir" value="/Users/utkarshsinha/Desktop/Aryan/todo-tracker"/>
    <property name="os.arch" value="aarch64"/>
    <property name="java.vm.specification.name" value="Java Virtual Machine Specification"/>
    <property name="native.encoding" value="UTF-8"/>
    <property name="java.library.path" value="/Users/utkarshsinha/Library/Java/Extensions:/Library/Java/Extensions:/Network/Library/Java/Extensions:/System/Library/Java/Extensions:/usr/lib/java:."/>
    <property name="java.vm.info" value="mixed mode, sharing"/>
    <property name="stderr.encoding" value="UTF-8"/>
    <property name="java.vendor" value="Oracle Corporation"/>
    <property name="java.vm.version" value="21.0.5+9-LTS-239"/>
    <property name="sun.io.unicode.encoding" value="UnicodeBig"/>
    <property name="socksNonProxyHosts" value="local|*.local|169.254/16|*.169.254/16"/>
    <property name="java.class.version" value="65.0"/>
  </properties>
  <testcase name="testApp" classname="com.example.todo.AppTest" time="0.003"/>
</testsuite>